This is XeTeX, Version 3.14159265-2.6-0.99996 (TeX Live 2016) (preloaded format=xelatex 2016.6.21)  11 OCT 2017 15:11
entering extended mode
 restricted \write18 enabled.
 file:line:error style messages enabled.
 %&-line parsing enabled.
**zhu-sdm.tex
(./zhu-sdm.tex
LaTeX2e <2016/03/31>
Babel <3.9r> and hyphenation patterns for 83 language(s) loaded.
(/usr/local/texlive/2016/texmf-dist/tex/latex/base/article.cls
Document Class: article 2014/09/29 v1.4h Standard LaTeX document class
(/usr/local/texlive/2016/texmf-dist/tex/latex/base/leqno.clo
File: leqno.clo 2015/03/31 v1.1i Standard LaTeX option (left equation numbers)
) (/usr/local/texlive/2016/texmf-dist/tex/latex/base/size10.clo
File: size10.clo 2014/09/29 v1.4h Standard LaTeX file (size option)
)
\c@part=\count79
\c@section=\count80
\c@subsection=\count81
\c@subsubsection=\count82
\c@paragraph=\count83
\c@subparagraph=\count84
\c@figure=\count85
\c@table=\count86
\abovecaptionskip=\skip41
\belowcaptionskip=\skip42
\bibindent=\dimen102
) (./ltexpprt.sty (/usr/local/texlive/2016/texmf-dist/tex/latex/fancyhdr/fancyhdr.sty
\fancy@headwidth=\skip43
\f@ncyO@elh=\skip44
\f@ncyO@erh=\skip45
\f@ncyO@olh=\skip46
\f@ncyO@orh=\skip47
\f@ncyO@elf=\skip48
\f@ncyO@erf=\skip49
\f@ncyO@olf=\skip50
\f@ncyO@orf=\skip51
) *** ACM/SIAM LaTeX2E Preprint Series macro package, version 1.1, February 7, 2017 ***
\outerparskip=\skip52
\c@@theorem=\count87
\c@@algorithm=\count88
\c@lemma=\count89
\c@fact=\count90
\c@corollary=\count91
\c@axiom=\count92
\c@cond=\count93
\c@property=\count94
\c@proposition=\count95
\c@Conjecture=\count96
\c@Definition=\count97
\c@Lemma=\count98
\c@Remark=\count99
) (/usr/local/texlive/2016/texmf-dist/tex/latex/graphics/graphicx.sty
Package: graphicx 2014/10/28 v1.0g Enhanced LaTeX Graphics (DPC,SPQR)
 (/usr/local/texlive/2016/texmf-dist/tex/latex/graphics/keyval.sty
Package: keyval 2014/10/28 v1.15 key=value parser (DPC)
\KV@toks@=\toks14
) (/usr/local/texlive/2016/texmf-dist/tex/latex/graphics/graphics.sty
Package: graphics 2016/05/09 v1.0r Standard LaTeX Graphics (DPC,SPQR)
 (/usr/local/texlive/2016/texmf-dist/tex/latex/graphics/trig.sty
Package: trig 2016/01/03 v1.10 sin cos tan (DPC)
) (/usr/local/texlive/2016/texmf-dist/tex/latex/graphics-cfg/graphics.cfg
File: graphics.cfg 2016/01/02 v1.10 sample graphics configuration
)
Package graphics Info: Driver file: xetex.def on input line 96.
 (/usr/local/texlive/2016/texmf-dist/tex/xelatex/xetex-def/xetex.def
File: xetex.def 2016/04/06 v4.08 LaTeX color/graphics driver for XeTeX (TeX Live/RRM/JK)
 (/usr/local/texlive/2016/texmf-dist/tex/generic/oberdiek/infwarerr.sty
Package: infwarerr 2016/05/16 v1.4 Providing info/warning/error messages (HO)
) (/usr/local/texlive/2016/texmf-dist/tex/generic/oberdiek/ltxcmds.sty
Package: ltxcmds 2016/05/16 v1.23 LaTeX kernel commands for general use (HO)
)))
\Gin@req@height=\dimen103
\Gin@req@width=\dimen104
) (/usr/local/texlive/2016/texmf-dist/tex/latex/preprint/balance.sty
Package: balance 1999/02/23 4.3 (PWD)
\oldvsize=\dimen105
) (/usr/local/texlive/2016/texmf-dist/tex/latex/amsmath/amsmath.sty
Package: amsmath 2016/03/10 v2.15b AMS math features
\@mathmargin=\skip53

For additional information on amsmath, use the `?' option.
(/usr/local/texlive/2016/texmf-dist/tex/latex/amsmath/amstext.sty
Package: amstext 2000/06/29 v2.01 AMS text
 (/usr/local/texlive/2016/texmf-dist/tex/latex/amsmath/amsgen.sty
File: amsgen.sty 1999/11/30 v2.0 generic functions
\@emptytoks=\toks15
\ex@=\dimen106
)) (/usr/local/texlive/2016/texmf-dist/tex/latex/amsmath/amsbsy.sty
Package: amsbsy 1999/11/29 v1.2d Bold Symbols
\pmbraise@=\dimen107
) (/usr/local/texlive/2016/texmf-dist/tex/latex/amsmath/amsopn.sty
Package: amsopn 2016/03/08 v2.02 operator names
)
\inf@bad=\count100
LaTeX Info: Redefining \frac on input line 199.
\uproot@=\count101
\leftroot@=\count102
LaTeX Info: Redefining \overline on input line 297.
\classnum@=\count103
\DOTSCASE@=\count104
LaTeX Info: Redefining \ldots on input line 394.
LaTeX Info: Redefining \dots on input line 397.
LaTeX Info: Redefining \cdots on input line 518.
\Mathstrutbox@=\box26
\strutbox@=\box27
\big@size=\dimen108
LaTeX Font Info:    Redeclaring font encoding OML on input line 634.
LaTeX Font Info:    Redeclaring font encoding OMS on input line 635.
\macc@depth=\count105
\c@MaxMatrixCols=\count106
\dotsspace@=\muskip10
\c@parentequation=\count107
\dspbrk@lvl=\count108
\tag@help=\toks16
\row@=\count109
\column@=\count110
\maxfields@=\count111
\andhelp@=\toks17
\eqnshift@=\dimen109
\alignsep@=\dimen110
\tagshift@=\dimen111
\tagwidth@=\dimen112
\totwidth@=\dimen113
\lineht@=\dimen114
\@envbody=\toks18
\multlinegap=\skip54
\multlinetaggap=\skip55
\mathdisplay@stack=\toks19
LaTeX Info: Redefining \[ on input line 2739.
LaTeX Info: Redefining \] on input line 2740.
) (/usr/local/texlive/2016/texmf-dist/tex/latex/amsfonts/amssymb.sty
Package: amssymb 2013/01/14 v3.01 AMS font symbols
 (/usr/local/texlive/2016/texmf-dist/tex/latex/amsfonts/amsfonts.sty
Package: amsfonts 2013/01/14 v3.01 Basic AMSFonts support
\symAMSa=\mathgroup4
\symAMSb=\mathgroup5
LaTeX Font Info:    Overwriting math alphabet `\mathfrak' in version `bold'
(Font)                  U/euf/m/n --> U/euf/b/n on input line 106.
)) (/usr/local/texlive/2016/texmf-dist/tex/latex/xcolor/xcolor.sty
Package: xcolor 2016/05/11 v2.12 LaTeX color extensions (UK)
 (/usr/local/texlive/2016/texmf-dist/tex/latex/graphics-cfg/color.cfg
File: color.cfg 2016/01/02 v1.6 sample color configuration
)
Package xcolor Info: Driver file: xetex.def on input line 225.
Package xcolor Info: Model `cmy' substituted by `cmy0' on input line 1348.
Package xcolor Info: Model `RGB' extended on input line 1364.
Package xcolor Info: Model `HTML' substituted by `rgb' on input line 1366.
Package xcolor Info: Model `Hsb' substituted by `hsb' on input line 1367.
Package xcolor Info: Model `tHsb' substituted by `hsb' on input line 1368.
Package xcolor Info: Model `HSB' substituted by `hsb' on input line 1369.
Package xcolor Info: Model `Gray' substituted by `gray' on input line 1370.
Package xcolor Info: Model `wave' substituted by `hsb' on input line 1371.
) (/usr/local/texlive/2016/texmf-dist/tex/latex/caption/caption2.sty
Package: caption2 2015/09/15 v2.2-100 Customising captions (AR)


Package caption2 Warning: ****************************************************
(caption2)                THIS PACKAGE IS OBSOLETE:
(caption2)                This package attempts to provide an `caption2'
(caption2)                package v2.0/2.1 author environment so that OLD
(caption2)                documents can be successfully processed. It should
(caption2)                NOT be used for NEW documents! New documents should
(caption2)                use the regular `caption' package v3.x instead.
(caption2)                ****************************************************

(/usr/local/texlive/2016/texmf-dist/tex/latex/caption/caption3.sty
Package: caption3 2016/02/04 v1.7-139 caption3 kernel (AR)
Package caption3 Info: TeX engine: e-TeX on input line 67.
\captionmargin=\dimen115
\captionmargin@=\dimen116
\captionwidth=\dimen117
\caption@tempdima=\dimen118
\caption@indent=\dimen119
\caption@parindent=\dimen120
\caption@hangindent=\dimen121
)
Package caption2 Info: Running in caption2 v2.0 compatibility mode on input line 221.
\captionlinewidth=\dimen122
\realcaptionwidth=\dimen123
) (/usr/local/texlive/2016/texmf-dist/tex/latex/url/url.sty
\Urlmuskip=\muskip11
Package: url 2013/09/16  ver 3.4  Verb mode for urls, etc.
) (/usr/local/texlive/2016/texmf-dist/tex/latex/subfigure/subfigure.sty
Package: subfigure 2002/03/15 v2.1.5 subfigure package
\subfigtopskip=\skip56
\subfigcapskip=\skip57
\subfigcaptopadj=\dimen124
\subfigbottomskip=\skip58
\subfigcapmargin=\dimen125
\subfiglabelskip=\skip59
\c@subfigure=\count112
\c@lofdepth=\count113
\c@subtable=\count114
\c@lotdepth=\count115

****************************************
* Local config file subfigure.cfg used *
****************************************
(/usr/local/texlive/2016/texmf-dist/tex/latex/subfigure/subfigure.cfg)
\subfig@top=\skip60
\subfig@bottom=\skip61
) (/usr/local/texlive/2016/texmf-dist/tex/latex/base/textcomp.sty
Package: textcomp 2005/09/27 v1.99g Standard LaTeX package
Package textcomp Info: Sub-encoding information:
(textcomp)               5 = only ISO-Adobe without \textcurrency
(textcomp)               4 = 5 + \texteuro
(textcomp)               3 = 4 + \textohm
(textcomp)               2 = 3 + \textestimated + \textcurrency
(textcomp)               1 = TS1 - \textcircled - \t
(textcomp)               0 = TS1 (full)
(textcomp)             Font families with sub-encoding setting implement
(textcomp)             only a restricted character set as indicated.
(textcomp)             Family '?' is the default used for unknown fonts.
(textcomp)             See the documentation for details.
Package textcomp Info: Setting ? sub-encoding to TS1/1 on input line 79.
 (/usr/local/texlive/2016/texmf-dist/tex/latex/base/ts1enc.def
File: ts1enc.def 2001/06/05 v3.0e (jk/car/fm) Standard LaTeX file
)
LaTeX Info: Redefining \oldstylenums on input line 334.
Package textcomp Info: Setting cmr sub-encoding to TS1/0 on input line 349.
Package textcomp Info: Setting cmss sub-encoding to TS1/0 on input line 350.
Package textcomp Info: Setting cmtt sub-encoding to TS1/0 on input line 351.
Package textcomp Info: Setting cmvtt sub-encoding to TS1/0 on input line 352.
Package textcomp Info: Setting cmbr sub-encoding to TS1/0 on input line 353.
Package textcomp Info: Setting cmtl sub-encoding to TS1/0 on input line 354.
Package textcomp Info: Setting ccr sub-encoding to TS1/0 on input line 355.
Package textcomp Info: Setting ptm sub-encoding to TS1/4 on input line 356.
Package textcomp Info: Setting pcr sub-encoding to TS1/4 on input line 357.
Package textcomp Info: Setting phv sub-encoding to TS1/4 on input line 358.
Package textcomp Info: Setting ppl sub-encoding to TS1/3 on input line 359.
Package textcomp Info: Setting pag sub-encoding to TS1/4 on input line 360.
Package textcomp Info: Setting pbk sub-encoding to TS1/4 on input line 361.
Package textcomp Info: Setting pnc sub-encoding to TS1/4 on input line 362.
Package textcomp Info: Setting pzc sub-encoding to TS1/4 on input line 363.
Package textcomp Info: Setting bch sub-encoding to TS1/4 on input line 364.
Package textcomp Info: Setting put sub-encoding to TS1/5 on input line 365.
Package textcomp Info: Setting uag sub-encoding to TS1/5 on input line 366.
Package textcomp Info: Setting ugq sub-encoding to TS1/5 on input line 367.
Package textcomp Info: Setting ul8 sub-encoding to TS1/4 on input line 368.
Package textcomp Info: Setting ul9 sub-encoding to TS1/4 on input line 369.
Package textcomp Info: Setting augie sub-encoding to TS1/5 on input line 370.
Package textcomp Info: Setting dayrom sub-encoding to TS1/3 on input line 371.
Package textcomp Info: Setting dayroms sub-encoding to TS1/3 on input line 372.
Package textcomp Info: Setting pxr sub-encoding to TS1/0 on input line 373.
Package textcomp Info: Setting pxss sub-encoding to TS1/0 on input line 374.
Package textcomp Info: Setting pxtt sub-encoding to TS1/0 on input line 375.
Package textcomp Info: Setting txr sub-encoding to TS1/0 on input line 376.
Package textcomp Info: Setting txss sub-encoding to TS1/0 on input line 377.
Package textcomp Info: Setting txtt sub-encoding to TS1/0 on input line 378.
Package textcomp Info: Setting lmr sub-encoding to TS1/0 on input line 379.
Package textcomp Info: Setting lmdh sub-encoding to TS1/0 on input line 380.
Package textcomp Info: Setting lmss sub-encoding to TS1/0 on input line 381.
Package textcomp Info: Setting lmssq sub-encoding to TS1/0 on input line 382.
Package textcomp Info: Setting lmvtt sub-encoding to TS1/0 on input line 383.
Package textcomp Info: Setting lmtt sub-encoding to TS1/0 on input line 384.
Package textcomp Info: Setting qhv sub-encoding to TS1/0 on input line 385.
Package textcomp Info: Setting qag sub-encoding to TS1/0 on input line 386.
Package textcomp Info: Setting qbk sub-encoding to TS1/0 on input line 387.
Package textcomp Info: Setting qcr sub-encoding to TS1/0 on input line 388.
Package textcomp Info: Setting qcs sub-encoding to TS1/0 on input line 389.
Package textcomp Info: Setting qpl sub-encoding to TS1/0 on input line 390.
Package textcomp Info: Setting qtm sub-encoding to TS1/0 on input line 391.
Package textcomp Info: Setting qzc sub-encoding to TS1/0 on input line 392.
Package textcomp Info: Setting qhvc sub-encoding to TS1/0 on input line 393.
Package textcomp Info: Setting futs sub-encoding to TS1/4 on input line 394.
Package textcomp Info: Setting futx sub-encoding to TS1/4 on input line 395.
Package textcomp Info: Setting futj sub-encoding to TS1/4 on input line 396.
Package textcomp Info: Setting hlh sub-encoding to TS1/3 on input line 397.
Package textcomp Info: Setting hls sub-encoding to TS1/3 on input line 398.
Package textcomp Info: Setting hlst sub-encoding to TS1/3 on input line 399.
Package textcomp Info: Setting hlct sub-encoding to TS1/5 on input line 400.
Package textcomp Info: Setting hlx sub-encoding to TS1/5 on input line 401.
Package textcomp Info: Setting hlce sub-encoding to TS1/5 on input line 402.
Package textcomp Info: Setting hlcn sub-encoding to TS1/5 on input line 403.
Package textcomp Info: Setting hlcw sub-encoding to TS1/5 on input line 404.
Package textcomp Info: Setting hlcf sub-encoding to TS1/5 on input line 405.
Package textcomp Info: Setting pplx sub-encoding to TS1/3 on input line 406.
Package textcomp Info: Setting pplj sub-encoding to TS1/3 on input line 407.
Package textcomp Info: Setting ptmx sub-encoding to TS1/4 on input line 408.
Package textcomp Info: Setting ptmj sub-encoding to TS1/4 on input line 409.
) (/usr/local/texlive/2016/texmf-dist/tex/latex/multirow/multirow.sty
\bigstrutjot=\dimen126
) (/usr/local/texlive/2016/texmf-dist/tex/latex/comment/comment.sty
\CommentStream=\write3
 Excluding comment 'comment') (/usr/local/texlive/2016/texmf-dist/tex/latex/algorithms/algorithm.sty
Invalid UTF-8 byte or sequence at line 11 replaced by U+FFFD.
Package: algorithm 2009/08/24 v0.1 Document Style `algorithm' - floating environment
 (/usr/local/texlive/2016/texmf-dist/tex/latex/float/float.sty
Package: float 2001/11/08 v1.3d Float enhancements (AL)
\c@float@type=\count116
\float@exts=\toks20
\float@box=\box28
\@float@everytoks=\toks21
\@floatcapt=\box29
) (/usr/local/texlive/2016/texmf-dist/tex/latex/base/ifthen.sty
Package: ifthen 2014/09/29 v1.1c Standard LaTeX ifthen package (DPC)
)
\@float@every@algorithm=\toks22
\c@algorithm=\count117
) (/usr/local/texlive/2016/texmf-dist/tex/latex/algorithmicx/algpseudocode.sty
Package: algpseudocode 
 (/usr/local/texlive/2016/texmf-dist/tex/latex/algorithmicx/algorithmicx.sty
Package: algorithmicx 2005/04/27 v1.2 Algorithmicx

Document Style algorithmicx 1.2 - a greatly improved `algorithmic' style
\c@ALG@line=\count118
\c@ALG@rem=\count119
\c@ALG@nested=\count120
\ALG@tlm=\skip62
\ALG@thistlm=\skip63
\c@ALG@Lnr=\count121
\c@ALG@blocknr=\count122
\c@ALG@storecount=\count123
\c@ALG@tmpcounter=\count124
\ALG@tmplength=\skip64
)
Document Style - pseudocode environments for use with the `algorithmicx' style
) (/usr/local/texlive/2016/texmf-dist/tex/latex/booktabs/booktabs.sty
Package: booktabs 2016/04/27 v1.618033 publication quality tables
\heavyrulewidth=\dimen127
\lightrulewidth=\dimen128
\cmidrulewidth=\dimen129
\belowrulesep=\dimen130
\belowbottomsep=\dimen131
\aboverulesep=\dimen132
\abovetopsep=\dimen133
\cmidrulesep=\dimen134
\cmidrulekern=\dimen135
\defaultaddspace=\dimen136
\@cmidla=\count125
\@cmidlb=\count126
\@aboverulesep=\dimen137
\@belowrulesep=\dimen138
\@thisruleclass=\count127
\@lastruleclass=\count128
\@thisrulewidth=\dimen139
) (/usr/local/texlive/2016/texmf-dist/tex/latex/cjk/texinput/CJK.sty
Package: CJK 2015/04/18 4.8.4
 (/usr/local/texlive/2016/texmf-dist/tex/latex/cjk/texinput/mule/MULEenc.sty
Package: MULEenc 2015/04/18 4.8.4
) (/usr/local/texlive/2016/texmf-dist/tex/latex/cjk/texinput/CJK.enc
File: CJK.enc 2015/04/18 4.8.4
)
LaTeX Info: Redefining \selectfont on input line 755.
\CJK@indent=\box30
) (/Users/wjseawind/GruBa/Gruba/.texpadtmp/zhu-sdm.aux)
\openout1 = `zhu-sdm.aux'.

LaTeX Font Info:    Checking defaults for OML/cmm/m/it on input line 88.
LaTeX Font Info:    ... okay on input line 88.
LaTeX Font Info:    Checking defaults for T1/cmr/m/n on input line 88.
LaTeX Font Info:    ... okay on input line 88.
LaTeX Font Info:    Checking defaults for OT1/cmr/m/n on input line 88.
LaTeX Font Info:    ... okay on input line 88.
LaTeX Font Info:    Checking defaults for OMS/cmsy/m/n on input line 88.
LaTeX Font Info:    ... okay on input line 88.
LaTeX Font Info:    Checking defaults for OMX/cmex/m/n on input line 88.
LaTeX Font Info:    ... okay on input line 88.
LaTeX Font Info:    Checking defaults for U/cmr/m/n on input line 88.
LaTeX Font Info:    ... okay on input line 88.
LaTeX Font Info:    Checking defaults for TS1/cmr/m/n on input line 88.
LaTeX Font Info:    Try loading font information for TS1+cmr on input line 88.
 (/usr/local/texlive/2016/texmf-dist/tex/latex/base/ts1cmr.fd
File: ts1cmr.fd 2014/09/29 v2.5h Standard LaTeX font definitions
)
LaTeX Font Info:    ... okay on input line 88.
LaTeX Font Info:    Checking defaults for C00/song/m/n on input line 88.
LaTeX Font Info:    ... okay on input line 88.
LaTeX Font Info:    Checking defaults for C05/song/m/n on input line 88.
LaTeX Font Info:    ... okay on input line 88.
LaTeX Font Info:    Checking defaults for C09/song/m/n on input line 88.
LaTeX Font Info:    ... okay on input line 88.
LaTeX Font Info:    Checking defaults for C10/song/m/n on input line 88.
LaTeX Font Info:    ... okay on input line 88.
LaTeX Font Info:    Checking defaults for C20/song/m/n on input line 88.
LaTeX Font Info:    ... okay on input line 88.
LaTeX Font Info:    Checking defaults for C19/song/m/n on input line 88.
LaTeX Font Info:    ... okay on input line 88.
LaTeX Font Info:    Checking defaults for C40/song/m/n on input line 88.
LaTeX Font Info:    ... okay on input line 88.
LaTeX Font Info:    Checking defaults for C42/song/m/n on input line 88.
LaTeX Font Info:    ... okay on input line 88.
LaTeX Font Info:    Checking defaults for C43/song/m/n on input line 88.
LaTeX Font Info:    ... okay on input line 88.
LaTeX Font Info:    Checking defaults for C50/song/m/n on input line 88.
LaTeX Font Info:    ... okay on input line 88.
LaTeX Font Info:    Checking defaults for C52/song/m/n on input line 88.
LaTeX Font Info:    ... okay on input line 88.
LaTeX Font Info:    Checking defaults for C49/song/m/n on input line 88.
LaTeX Font Info:    ... okay on input line 88.
LaTeX Font Info:    Checking defaults for C60/mj/m/n on input line 88.
LaTeX Font Info:    ... okay on input line 88.
LaTeX Font Info:    Checking defaults for C61/mj/m/n on input line 88.
LaTeX Font Info:    ... okay on input line 88.
LaTeX Font Info:    Checking defaults for C63/mj/m/n on input line 88.
LaTeX Font Info:    ... okay on input line 88.
LaTeX Font Info:    Checking defaults for C64/mj/m/n on input line 88.
LaTeX Font Info:    ... okay on input line 88.
LaTeX Font Info:    Checking defaults for C65/mj/m/n on input line 88.
LaTeX Font Info:    ... okay on input line 88.
LaTeX Font Info:    Checking defaults for C70/song/m/n on input line 88.
LaTeX Font Info:    ... okay on input line 88.
LaTeX Font Info:    Checking defaults for C31/song/m/n on input line 88.
LaTeX Font Info:    ... okay on input line 88.
LaTeX Font Info:    Checking defaults for C32/song/m/n on input line 88.
LaTeX Font Info:    ... okay on input line 88.
LaTeX Font Info:    Checking defaults for C33/song/m/n on input line 88.
LaTeX Font Info:    ... okay on input line 88.
LaTeX Font Info:    Checking defaults for C34/song/m/n on input line 88.
LaTeX Font Info:    ... okay on input line 88.
LaTeX Font Info:    Checking defaults for C35/song/m/n on input line 88.
LaTeX Font Info:    ... okay on input line 88.
LaTeX Font Info:    Checking defaults for C36/song/m/n on input line 88.
LaTeX Font Info:    ... okay on input line 88.
LaTeX Font Info:    Checking defaults for C37/song/m/n on input line 88.
LaTeX Font Info:    ... okay on input line 88.
LaTeX Font Info:    Checking defaults for C80/song/m/n on input line 88.
LaTeX Font Info:    ... okay on input line 88.
LaTeX Font Info:    Checking defaults for C81/song/m/n on input line 88.
LaTeX Font Info:    ... okay on input line 88.
LaTeX Font Info:    Checking defaults for C01/song/m/n on input line 88.
LaTeX Font Info:    ... okay on input line 88.
LaTeX Font Info:    Checking defaults for C11/song/m/n on input line 88.
LaTeX Font Info:    ... okay on input line 88.
LaTeX Font Info:    Checking defaults for C21/song/m/n on input line 88.
LaTeX Font Info:    ... okay on input line 88.
LaTeX Font Info:    Checking defaults for C41/song/m/n on input line 88.
LaTeX Font Info:    ... okay on input line 88.
LaTeX Font Info:    Checking defaults for C62/song/m/n on input line 88.
LaTeX Font Info:    ... okay on input line 88.
Package caption Info: Begin \AtBeginDocument code.
Package caption Info: End \AtBeginDocument code.
 (/usr/local/texlive/2016/texmf-dist/tex/latex/cjk/texinput/standard.bdg
File: standard.bdg 2015/04/18 4.8.4
) (/usr/local/texlive/2016/texmf-dist/tex/latex/cjk/texinput/extended.enc
File: extended.enc 2015/04/18 4.8.4
) (/usr/local/texlive/2016/texmf-dist/tex/latex/cjk/texinput/extended.chr
File: extended.chr 2015/04/18 4.8.4
)
\c@definition=\count129
\c@problem=\count130
\c@remark=\count131
 Excluding 'comment' comment.
LaTeX Font Info:    Try loading font information for U+msa on input line 141.
 (/usr/local/texlive/2016/texmf-dist/tex/latex/amsfonts/umsa.fd
File: umsa.fd 2013/01/14 v3.01 AMS symbols A
)
LaTeX Font Info:    Try loading font information for U+msb on input line 141.
 (/usr/local/texlive/2016/texmf-dist/tex/latex/amsfonts/umsb.fd
File: umsb.fd 2013/01/14 v3.01 AMS symbols B
)
LaTeX Font Info:    Try loading font information for OMS+cmr on input line 141.
 (/usr/local/texlive/2016/texmf-dist/tex/latex/base/omscmr.fd
File: omscmr.fd 2014/09/29 v2.5h Standard LaTeX font definitions
)
LaTeX Font Info:    Font shape `OMS/cmr/m/n' in size <8> not available
(Font)              Font shape `OMS/cmsy/m/n' tried instead on input line 141.

Underfull \hbox (badness 6063) in paragraph at lines 141--141
[][]\OT1/cmr/m/n/8 SKLSDE Lab, Bei-hang Uni-ver-sity, China. Email:
 []


Underfull \hbox (badness 4403) in paragraph at lines 141--141
\OMS/cmsy/m/n/8 f\OT1/cmr/m/n/8 zhujh@act., mashuai, zhanghui@act., hucm@\OMS/cmsy/m/n/8 g\OT1/cmr/m/n/8 buaa.edu.cn,
 []


Underfull \hbox (badness 10000) in paragraph at lines 141--141
[][]\OT1/cmr/m/n/8 National Com-puter Net-work Emer-gency Re-
 []


Underfull \hbox (badness 10000) in paragraph at lines 141--141
\OT1/cmr/m/n/8 sponse Tech-ni-cal Team/Coordination Cen-ter of China.
 []

(./00-abstr.tex) (./01-intro.tex
Overfull \vbox (1.1826pt too high) has occurred while \output is active []

) (./02-overview.tex [1


] Excluding 'comment' comment.
File: figures/architecture.pdf Graphic file (type QTm)
 <use  "figures/architecture.pdf" > Excluding 'comment' comment. Excluding 'comment' comment.
Underfull \hbox (badness 1097) in paragraph at lines 81--83
\OT1/cmr/m/n/10 neg-a-tive sam-ples (i.e., blogs that were or weren't
 []

) (./03-fe.tex
LaTeX Font Info:    Font shape `OMS/cmr/m/n' in size <10> not available
(Font)              Font shape `OMS/cmsy/m/n' tried instead on input line 13.

Underfull \vbox (badness 1418) has occurred while \output is active []

 [2] [3] Excluding 'comment' comment. Excluding 'comment' comment.) (./04-uc.tex
Underfull \hbox (badness 2088) in paragraph at lines 25--26
[]\OT1/cmr/m/n/9 In-put: \OT1/cmr/m/it/9 Fea-ture Data \OT1/cmr/m/n/9 of users $\OMS/cmsy/m/n/9 f\OML/cmm/m/it/9 F\OT1/cmr/m/n/9 (\OML/cmm/m/it/9 u\OT1/cmr/m/n/9 )\OMS/cmsy/m/n/9 g$\OT1/cmr/m/n/9 , the min-i-
 []

[4]
Overfull \hbox (2.04239pt too wide) detected at line 118
\OML/cmm/m/it/10 G[] \OT1/cmr/m/n/10 = []
 []

[5]) (./05-gm.tex) (./06-perf.tex
File: figures/Interests.eps Graphic file (type eps)
 <figures/Interests.eps>
File: figures/clustering.eps Graphic file (type eps)
 <figures/clustering.eps>
Underfull \vbox (badness 10000) has occurred while \output is active []

 [6]
File: figures/precision.eps Graphic file (type eps)
 <figures/precision.eps>
File: figures/recall.eps Graphic file (type eps)
 <figures/recall.eps>
File: figures/F-Measure.eps Graphic file (type eps)
 <figures/F-Measure.eps>
File: figures/precisionofdifferentfeatures.eps Graphic file (type eps)
 <figures/precisionofdifferentfeatures.eps>
File: figures/recallofdifferentfeatures.eps Graphic file (type eps)
 <figures/recallofdifferentfeatures.eps>
File: figures/fmeasureofdifferentfeatures.eps Graphic file (type eps)
 <figures/fmeasureofdifferentfeatures.eps>
Invalid UTF-8 byte or sequence at line 108 replaced by U+FFFD.
Invalid UTF-8 byte or sequence at line 108 replaced by U+FFFD.
Invalid UTF-8 byte or sequence at line 108 replaced by U+FFFD.
Invalid UTF-8 byte or sequence at line 108 replaced by U+FFFD.
Invalid UTF-8 byte or sequence at line 108 replaced by U+FFFD.
Invalid UTF-8 byte or sequence at line 108 replaced by U+FFFD.
Missing character: There is no ï¿½ in font cmr10!
Missing character: There is no ï¿½ in font cmr10!
Missing character: There is no Ô± in font cmr10!
Missing character: There is no ï¿½ in font cmr10!
Missing character: There is no ï¿½ in font cmr10!
Missing character: There is no ï¿½ in font cmr10!
Missing character: There is no ï¿½ in font cmr10!
LaTeX Font Info:    Try loading font information for C19+song on input line 108.
 (/usr/local/texlive/2016/texmf-dist/tex/latex/cjk/texinput/GB/c19song.fd
File: c19song.fd 2015/04/18 4.8.4
)
Invalid UTF-8 byte or sequence at line 110 replaced by U+FFFD.
Invalid UTF-8 byte or sequence at line 110 replaced by U+FFFD.
Missing character: There is no ï¿½ in font cmr10!
Missing character: There is no ï¿½ in font cmr10!
Missing character: There is no Ô± in font cmr10!
Invalid UTF-8 byte or sequence at line 111 replaced by U+FFFD.
Invalid UTF-8 byte or sequence at line 111 replaced by U+FFFD.
Invalid UTF-8 byte or sequence at line 111 replaced by U+FFFD.
Invalid UTF-8 byte or sequence at line 111 replaced by U+FFFD.
Invalid UTF-8 byte or sequence at line 111 replaced by U+FFFD.
Invalid UTF-8 byte or sequence at line 111 replaced by U+FFFD.
Invalid UTF-8 byte or sequence at line 111 replaced by U+FFFD.
Invalid UTF-8 byte or sequence at line 111 replaced by U+FFFD.
Invalid UTF-8 byte or sequence at line 111 replaced by U+FFFD.
Missing character: There is no ï¿½ in font cmr10!
Missing character: There is no ï¿½ in font cmr10!
Missing character: There is no Ì¨ in font cmr10!


./06-perf.tex:111: Package CJK Error: Invalid character code.

See the CJK package documentation for explanation.
Type  H <return>  for immediate help.
 ...                                              
                                                  
l.111 ...rested in stage performances(ï¿½ï¿½Ì¨ÂºÈ²
                                                  ï¿½), drama performances(Â...
The second byte of the CJK code is out of range.
Do you use the right encoding scheme?

Missing character: There is no ï¿½ in font cmr10!

./06-perf.tex:111: Package CJK Error: Invalid character code.

See the CJK package documentation for explanation.
Type  H <return>  for immediate help.
 ...                                              
                                                  
l.111 ...½Ì¨ÂºÈ²ï¿½), drama performances(Â»Â°Â¾ï¿½
                                                  ï¿½ï¿½ï¿½),films(Âµï¿½Ó°Â¹...
The second byte of the CJK code is out of range.
Do you use the right encoding scheme?

Missing character: There is no ï¿½ in font cmr10!
Missing character: There is no ï¿½ in font cmr10!
Missing character: There is no ï¿½ in font cmr10!

./06-perf.tex:111: Package CJK Error: Invalid character code.

See the CJK package documentation for explanation.
Type  H <return>  for immediate help.
 ...                                              
                                                  
l.111 ...formances(Â»Â°Â¾ï¿½ï¿½ï¿½ï¿½),films(Âµï¿½
                                                  Ó°Â¹ï¿½Ó°) and so on, whic...
The second byte of the CJK code is out of range.
Do you use the right encoding scheme?

Missing character: There is no Ó° in font cmr10!

./06-perf.tex:111: Package CJK Error: Invalid character code.

See the CJK package documentation for explanation.
Type  H <return>  for immediate help.
 ...                                              
                                                  
l.111 ...es(Â»Â°Â¾ï¿½ï¿½ï¿½ï¿½),films(Âµï¿½Ó°Â¹ï¿½
                                                  Ó°) and so on, which is co...
The second byte of the CJK code is out of range.
Do you use the right encoding scheme?

Missing character: There is no Ó° in font cmr10!
Invalid UTF-8 byte or sequence at line 115 replaced by U+FFFD.
Invalid UTF-8 byte or sequence at line 115 replaced by U+FFFD.

./06-perf.tex:115: Package CJK Error: Invalid character code.

See the CJK package documentation for explanation.
Type  H <return>  for immediate help.
 ...                                              
                                                  
l.115 ...the drama "Earl of Oolong Mountain"(Â»ï¿½
                                                  Â¶Â½É½Â²Â®Â¾ï¿½). So the r...
The second byte of the CJK code is out of range.
Do you use the right encoding scheme?

Missing character: There is no É½ in font cmr10!

./06-perf.tex:115: Package CJK Error: Invalid character code.

See the CJK package documentation for explanation.
Type  H <return>  for immediate help.
 ...                                              
                                                  
l.115 ... of Oolong Mountain"(Â»ï¿½Â¶Â½É½Â²Â®Â¾ï¿½
                                                  ). So the results are in l...
The second byte of the CJK code is out of range.
Do you use the right encoding scheme?

File: IMAGE/features/userFeatures/1.eps Graphic file (type eps)
<IMAGE/features/userFeatures/1.eps>
File: IMAGE/features/userFeatures/2.eps Graphic file (type eps)
 <IMAGE/features/userFeatures/2.eps>
File: IMAGE/features/userFeatures/3.eps Graphic file (type eps)
 <IMAGE/features/userFeatures/3.eps>
File: IMAGE/features/userFeatures/4.eps Graphic file (type eps)
 <IMAGE/features/userFeatures/4.eps>
File: IMAGE/features/userFeatures/5.eps Graphic file (type eps)
 <IMAGE/features/userFeatures/5.eps>
File: IMAGE/features/userFeatures/6.eps Graphic file (type eps)
 <IMAGE/features/userFeatures/6.eps>
File: IMAGE/features/userFeatures/7.eps Graphic file (type eps)
 <IMAGE/features/userFeatures/7.eps>
File: IMAGE/features/userFeatures/8.eps Graphic file (type eps)
 <IMAGE/features/userFeatures/8.eps>) (./07-rela.tex
Underfull \vbox (badness 10000) has occurred while \output is active []

 [7]
Underfull \vbox (badness 10000) has occurred while \output is active []

) (./08-conclu.tex) (/Users/wjseawind/GruBa/Gruba/.texpadtmp/zhu-sdm.bbl

Package balance Warning: You have called \balance in second column
(balance)                Columns might not be balanced.

[8] [9]) (./10-appendix.tex
Overfull \vbox (1.375pt too high) has occurred while \output is active []

 [10]
Invalid UTF-8 byte or sequence at line 10 replaced by U+FFFD.
Invalid UTF-8 byte or sequence at line 10 replaced by U+FFFD.
Invalid UTF-8 byte or sequence at line 10 replaced by U+FFFD.
Invalid UTF-8 byte or sequence at line 10 replaced by U+FFFD.
Missing character: There is no ï¿½ in font cmr10!
Missing character: There is no ï¿½ in font cmr10!
Missing character: There is no Å® in font cmr10!
Missing character: There is no ï¿½ in font cmr10!
Missing character: There is no ï¿½ in font cmr10!
Missing character: There is no Å® in font cmr10!
File: IMAGE/group-images/11.eps Graphic file (type eps)
 <IMAGE/group-images/11.eps>
File: IMAGE/group-images/12.eps Graphic file (type eps)
 <IMAGE/group-images/12.eps>
File: IMAGE/group-images/13.eps Graphic file (type eps)
 <IMAGE/group-images/13.eps>
File: IMAGE/group-images/14.eps Graphic file (type eps)
 <IMAGE/group-images/14.eps>
File: IMAGE/group-images/15.eps Graphic file (type eps)
 <IMAGE/group-images/15.eps>
File: IMAGE/group-images/16.eps Graphic file (type eps)
 <IMAGE/group-images/16.eps>
File: IMAGE/group-images/17.eps Graphic file (type eps)
 <IMAGE/group-images/17.eps>
File: IMAGE/group-images/18.eps Graphic file (type eps)
 <IMAGE/group-images/18.eps>
File: IMAGE/group-images/19.eps Graphic file (type eps)
 <IMAGE/group-images/19.eps>
File: IMAGE/group-images/21.eps Graphic file (type eps)
 <IMAGE/group-images/21.eps>
File: IMAGE/group-images/22.eps Graphic file (type eps)
 <IMAGE/group-images/22.eps>
File: IMAGE/group-images/23.eps Graphic file (type eps)
 <IMAGE/group-images/23.eps>
File: IMAGE/group-images/24.eps Graphic file (type eps)
 <IMAGE/group-images/24.eps>
File: IMAGE/group-images/25.eps Graphic file (type eps)
 <IMAGE/group-images/25.eps>
File: IMAGE/group-images/26.eps Graphic file (type eps)
 <IMAGE/group-images/26.eps>
File: IMAGE/group-images/27.eps Graphic file (type eps)
 <IMAGE/group-images/27.eps>
File: IMAGE/group-images/28.eps Graphic file (type eps)
 <IMAGE/group-images/28.eps>
File: IMAGE/group-images/29.eps Graphic file (type eps)
 <IMAGE/group-images/29.eps>
File: IMAGE/group-images/31.eps Graphic file (type eps)
 <IMAGE/group-images/31.eps>
File: IMAGE/group-images/32.eps Graphic file (type eps)
 <IMAGE/group-images/32.eps>
File: IMAGE/group-images/33.eps Graphic file (type eps)
 <IMAGE/group-images/33.eps>
File: IMAGE/group-images/34.eps Graphic file (type eps)
 <IMAGE/group-images/34.eps>
File: IMAGE/group-images/35.eps Graphic file (type eps)
 <IMAGE/group-images/35.eps>
File: IMAGE/group-images/36.eps Graphic file (type eps)
 <IMAGE/group-images/36.eps>
File: IMAGE/group-images/37.eps Graphic file (type eps)
 <IMAGE/group-images/37.eps>
File: IMAGE/group-images/38.eps Graphic file (type eps)
 <IMAGE/group-images/38.eps>
File: IMAGE/group-images/39.eps Graphic file (type eps)
 <IMAGE/group-images/39.eps>
File: IMAGE/group-images/41.eps Graphic file (type eps)
 <IMAGE/group-images/41.eps>
File: IMAGE/group-images/42.eps Graphic file (type eps)
 <IMAGE/group-images/42.eps>
File: IMAGE/group-images/43.eps Graphic file (type eps)
 <IMAGE/group-images/43.eps>
File: IMAGE/group-images/44.eps Graphic file (type eps)
 <IMAGE/group-images/44.eps>
File: IMAGE/group-images/45.eps Graphic file (type eps)
 <IMAGE/group-images/45.eps>
File: IMAGE/group-images/46.eps Graphic file (type eps)
 <IMAGE/group-images/46.eps>
File: IMAGE/group-images/47.eps Graphic file (type eps)
 <IMAGE/group-images/47.eps>
File: IMAGE/group-images/48.eps Graphic file (type eps)
 <IMAGE/group-images/48.eps>
File: IMAGE/group-images/49.eps Graphic file (type eps)
 <IMAGE/group-images/49.eps>) [11] [12] (/Users/wjseawind/GruBa/Gruba/.texpadtmp/zhu-sdm.aux) ) 
Here is how much of TeX's memory you used:
 5897 strings out of 493591
 78439 string characters out of 6143546
 156623 words of memory out of 5000000
 9104 multiletter control sequences out of 15000+600000
 16691 words of font info for 63 fonts, out of 8000000 for 9000
 1347 hyphenation exceptions out of 8191
 36i,13n,45p,2061b,599s stack positions out of 5000i,500n,10000p,200000b,80000s

Error 256 (driver return code) generating output;
file /Users/wjseawind/GruBa/Gruba/.texpadtmp/zhu-sdm.pdf may not be valid.
